<?xml version="1.0" encoding="UTF-8"?>
<!-- Generated by org.testng.reporters.JUnitXMLReporter -->
<testsuite hostname="DESKTOP-3UM075O" ignored="2" name="PR_Test_Login" tests="2" failures="0" timestamp="21 Mar 2020 16:09:14 GMT" time="56.055" errors="0">
  <testcase name="PR_Test_Login" time="9.618" classname="com.FTP.TestCases.TC_pakrailway_Login_001"/>
  <testcase name="PR_Test_BookTicket" time="6.607" classname="com.FTP.TestCases.TC_BookTicket_001"/>
  <testcase name="@BeforeSuite testBeforeSuite" time="0.0" classname="com.FTP.TestCases.BaseClass">
    <ignored/>
  </testcase> <!-- @BeforeSuite testBeforeSuite -->
  <testcase name="@AfterSuite testAfterSuite" time="0.0" classname="com.FTP.TestCases.BaseClass">
    <ignored/>
  </testcase> <!-- @AfterSuite testAfterSuite -->
</testsuite> <!-- PR_Test_Login -->
