<?xml version="1.0" encoding="UTF-8"?>
<!-- Generated by org.testng.reporters.JUnitXMLReporter -->
<testsuite hostname="DESKTOP-3UM075O" ignored="0" name="TestLogin" tests="2" failures="1" timestamp="04 Mar 2020 19:05:08 GMT" time="15.372" errors="0">
  <testcase name="loginTest" time="3.191" classname="com.FTP.TestCases.TC_LoginTest_001"/>
  <testcase name="loginTest" time="3.207" classname="com.FTP.TestCases.TC_LoginTest_001">
    <failure type="java.lang.NullPointerException">
      <![CDATA[java.lang.NullPointerException
at com.FTP.listeners.Listeners.onTestSuccess(Listeners.java:55)
... Removed 22 stack frames]]>
    </failure>
  </testcase> <!-- loginTest -->
</testsuite> <!-- TestLogin -->
