<?xml version="1.0" encoding="UTF-8"?>
<testng-results skipped="0" failed="0" ignored="0" total="1" passed="1">
  <reporter-output>
  </reporter-output>
  <suite name="FTP" duration-ms="128087" started-at="2020-03-14T18:22:55Z" finished-at="2020-03-14T18:25:03Z">
    <groups>
    </groups>
    <test name="PR_Test_Login" duration-ms="128087" started-at="2020-03-14T18:22:55Z" finished-at="2020-03-14T18:25:03Z">
      <class name="com.FTP.TestCases.TC_BookTicket_001">
        <test-method status="PASS" signature="testBeforeSuite()[pri:0, instance:com.FTP.TestCases.TC_BookTicket_001@3498ed]" name="testBeforeSuite" is-config="true" duration-ms="20" started-at="2020-03-14T18:22:55Z" finished-at="2020-03-14T18:22:55Z">
          <reporter-output>
          </reporter-output>
        </test-method> <!-- testBeforeSuite -->
        <test-method status="PASS" signature="Setup(java.lang.String)[pri:0, instance:com.FTP.TestCases.TC_BookTicket_001@3498ed]" name="Setup" is-config="true" duration-ms="117821" started-at="2020-03-14T18:22:55Z" finished-at="2020-03-14T18:24:53Z">
          <params>
            <param index="0">
              <value>
                <![CDATA[chrome]]>
              </value>
            </param>
          </params>
          <reporter-output>
          </reporter-output>
        </test-method> <!-- Setup -->
        <test-method status="PASS" signature="PR_Test_BookTicket()[pri:2, instance:com.FTP.TestCases.TC_BookTicket_001@3498ed]" name="PR_Test_BookTicket" duration-ms="5917" started-at="2020-03-14T18:24:53Z" finished-at="2020-03-14T18:24:59Z">
          <reporter-output>
          </reporter-output>
        </test-method> <!-- PR_Test_BookTicket -->
        <test-method status="PASS" signature="tearDown()[pri:0, instance:com.FTP.TestCases.TC_BookTicket_001@3498ed]" name="tearDown" is-config="true" duration-ms="4322" started-at="2020-03-14T18:24:59Z" finished-at="2020-03-14T18:25:03Z">
          <reporter-output>
          </reporter-output>
        </test-method> <!-- tearDown -->
        <test-method status="PASS" signature="testAfterSuite()[pri:0, instance:com.FTP.TestCases.TC_BookTicket_001@3498ed]" name="testAfterSuite" is-config="true" duration-ms="0" started-at="2020-03-14T18:25:03Z" finished-at="2020-03-14T18:25:03Z">
          <reporter-output>
          </reporter-output>
        </test-method> <!-- testAfterSuite -->
      </class> <!-- com.FTP.TestCases.TC_BookTicket_001 -->
    </test> <!-- PR_Test_Login -->
  </suite> <!-- FTP -->
</testng-results>
